Thread 0, Frame 9:
vkWaitSemaphores(device, pWaitInfo, timeout) returns VkResult VK_SUCCESS (0):
    device:                         VkDevice = 0x559dc42d88d0
    pWaitInfo:                      const VkSemaphoreWaitInfo* = 0x7ffe967757f8:
        sType:                          VkStructureType = VK_STRUCTURE_TYPE_SEMAPHORE_WAIT_INFO (1000207004)
        pNext:                          const void* = NULL
        flags:                          VkSemaphoreWaitFlags = 0
        semaphoreCount:                 uint32_t = 1
        pSemaphores:                    const VkSemaphore* = 0x7ffe96775840
            pSemaphores[0]:                 const VkSemaphore = 0x559dc4419e90
        pValues:                        const uint64_t* = 0x7ffe96775828
            pValues[0]:                     const uint64_t = 7
    timeout:                        uint64_t = 1000000000

Thread 0, Frame 9:
vkAcquireNextImageKHR(device, swapchain, timeout, semaphore, fence, pImageIndex) returns VkResult VK_SUCCESS (0):
    device:                         VkDevice = 0x559dc42d88d0
    swapchain:                      VkSwapchainKHR = 0x559dc479fc00
    timeout:                        uint64_t = 1000000000
    semaphore:                      VkSemaphore = 0x559dc472c360
    fence:                          VkFence = 0x559dc46f3fd0
    pImageIndex:                    uint32_t* = 1

Thread 0, Frame 9:
vkWaitForFences(device, fenceCount, pFences, waitAll, timeout) returns VkResult VK_SUCCESS (0):
    device:                         VkDevice = 0x559dc42d88d0
    fenceCount:                     uint32_t = 1
    pFences:                        const VkFence* = 0x7ffe967758a8
        pFences[0]:                     const VkFence = 0x559dc46f3fd0
    waitAll:                        VkBool32 = 0
    timeout:                        uint64_t = 1000000000

Thread 0, Frame 9:
vkResetFences(device, fenceCount, pFences) returns VkResult VK_SUCCESS (0):
    device:                         VkDevice = 0x559dc42d88d0
    fenceCount:                     uint32_t = 1
    pFences:                        const VkFence* = 0x7ffe967758a8
        pFences[0]:                     const VkFence = 0x559dc46f3fd0

Thread 0, Frame 9:
vkCreateImageView(device, pCreateInfo, pAllocator, pView) returns VkResult VK_SUCCESS (0):
    device:                         VkDevice = 0x559dc42d88d0
    pCreateInfo:                    const VkImageViewCreateInfo* = 0x7ffe96775a00:
        sType:                          VkStructureType = VK_STRUCTURE_TYPE_IMAGE_VIEW_CREATE_INFO (15)
        pNext:                          const void* = VkImageViewUsageCreateInfo
        flags:                          VkImageViewCreateFlags = 0
        image:                          VkImage = 0x559dc47a01c0
        viewType:                       VkImageViewType = VK_IMAGE_VIEW_TYPE_2D (1)
        format:                         VkFormat = VK_FORMAT_B8G8R8A8_UNORM (44)
        components:                     VkComponentMapping = 0:
            r:                              VkComponentSwizzle = VK_COMPONENT_SWIZZLE_IDENTITY (0)
            g:                              VkComponentSwizzle = VK_COMPONENT_SWIZZLE_IDENTITY (0)
            b:                              VkComponentSwizzle = VK_COMPONENT_SWIZZLE_IDENTITY (0)
            a:                              VkComponentSwizzle = VK_COMPONENT_SWIZZLE_IDENTITY (0)
        subresourceRange:               VkImageSubresourceRange = 0:
            aspectMask:                     VkImageAspectFlags = 1 (VK_IMAGE_ASPECT_COLOR_BIT)
            baseMipLevel:                   uint32_t = 0
            levelCount:                     uint32_t = 4294967295
            baseArrayLayer:                 uint32_t = 0
            layerCount:                     uint32_t = 4294967295
        pNext:                          VkImageViewUsageCreateInfo = 0x7ffe967759d0:
            sType:                          VkStructureType = VK_STRUCTURE_TYPE_IMAGE_VIEW_USAGE_CREATE_INFO (1000117002)
            pNext:                          const void* = NULL
            usage:                          VkImageUsageFlags = 16 (VK_IMAGE_USAGE_COLOR_ATTACHMENT_BIT)
    pAllocator:                     const VkAllocationCallbacks* = NULL
    pView:                          VkImageView* = 0x559dc472c9c0

Thread 0, Frame 9:
vkCreateImageView(device, pCreateInfo, pAllocator, pView) returns VkResult VK_SUCCESS (0):
    device:                         VkDevice = 0x559dc42d88d0
    pCreateInfo:                    const VkImageViewCreateInfo* = 0x7ffe96775e90:
        sType:                          VkStructureType = VK_STRUCTURE_TYPE_IMAGE_VIEW_CREATE_INFO (15)
        pNext:                          const void* = VkImageViewUsageCreateInfo
        flags:                          VkImageViewCreateFlags = 0
        image:                          VkImage = 0x559dc47a01c0
        viewType:                       VkImageViewType = VK_IMAGE_VIEW_TYPE_2D (1)
        format:                         VkFormat = VK_FORMAT_B8G8R8A8_UNORM (44)
        components:                     VkComponentMapping = 0:
            r:                              VkComponentSwizzle = VK_COMPONENT_SWIZZLE_IDENTITY (0)
            g:                              VkComponentSwizzle = VK_COMPONENT_SWIZZLE_IDENTITY (0)
            b:                              VkComponentSwizzle = VK_COMPONENT_SWIZZLE_IDENTITY (0)
            a:                              VkComponentSwizzle = VK_COMPONENT_SWIZZLE_IDENTITY (0)
        subresourceRange:               VkImageSubresourceRange = 0:
            aspectMask:                     VkImageAspectFlags = 1 (VK_IMAGE_ASPECT_COLOR_BIT)
            baseMipLevel:                   uint32_t = 0
            levelCount:                     uint32_t = 1
            baseArrayLayer:                 uint32_t = 0
            layerCount:                     uint32_t = 1
        pNext:                          VkImageViewUsageCreateInfo = 0x7ffe96775e60:
            sType:                          VkStructureType = VK_STRUCTURE_TYPE_IMAGE_VIEW_USAGE_CREATE_INFO (1000117002)
            pNext:                          const void* = NULL
            usage:                          VkImageUsageFlags = 16 (VK_IMAGE_USAGE_COLOR_ATTACHMENT_BIT)
    pAllocator:                     const VkAllocationCallbacks* = NULL
    pView:                          VkImageView* = 0x559dc472bae0

Thread 0, Frame 9:
vkBeginCommandBuffer(commandBuffer, pBeginInfo) returns VkResult VK_SUCCESS (0):
    commandBuffer:                  VkCommandBuffer = 0x559dc4778800
    pBeginInfo:                     const VkCommandBufferBeginInfo* = 0x7ffe96772b50:
        sType:                          VkStructureType = VK_STRUCTURE_TYPE_COMMAND_BUFFER_BEGIN_INFO (42)
        pNext:                          const void* = NULL
        flags:                          VkCommandBufferUsageFlags = 1 (VK_COMMAND_BUFFER_USAGE_ONE_TIME_SUBMIT_BIT)
        pInheritanceInfo:               const VkCommandBufferInheritanceInfo* = UNUSED

Thread 0, Frame 9:
vkCreateFramebuffer(device, pCreateInfo, pAllocator, pFramebuffer) returns VkResult VK_SUCCESS (0):
    device:                         VkDevice = 0x559dc42d88d0
    pCreateInfo:                    const VkFramebufferCreateInfo* = 0x7ffe96772480:
        sType:                          VkStructureType = VK_STRUCTURE_TYPE_FRAMEBUFFER_CREATE_INFO (37)
        pNext:                          const void* = NULL
        flags:                          VkFramebufferCreateFlags = 0
        renderPass:                     VkRenderPass = 0x559dc479bc40
        attachmentCount:                uint32_t = 1
        pAttachments:                   const VkImageView* = 0x7ffe967723d8
            pAttachments[0]:                const VkImageView = 0x559dc472bae0
        width:                          uint32_t = 1024
        height:                         uint32_t = 1024
        layers:                         uint32_t = 1
    pAllocator:                     const VkAllocationCallbacks* = NULL
    pFramebuffer:                   VkFramebuffer* = 0x559dc479bf20

Thread 0, Frame 9:
vkCmdSetViewport(commandBuffer, firstViewport, viewportCount, pViewports) returns void:
    commandBuffer:                  VkCommandBuffer = 0x559dc4778800
    firstViewport:                  uint32_t = 0
    viewportCount:                  uint32_t = 1
    pViewports:                     const VkViewport* = 0x7ffe96772318
        pViewports[0]:                  const VkViewport = 0x7ffe96772318:
            x:                              float = 0
            y:                              float = 1024
            width:                          float = 1024
            height:                         float = -1024
            minDepth:                       float = 0
            maxDepth:                       float = 1

Thread 0, Frame 9:
vkCmdSetScissor(commandBuffer, firstScissor, scissorCount, pScissors) returns void:
    commandBuffer:                  VkCommandBuffer = 0x559dc4778800
    firstScissor:                   uint32_t = 0
    scissorCount:                   uint32_t = 1
    pScissors:                      const VkRect2D* = 0x7ffe967724c0
        pScissors[0]:                   const VkRect2D = 0x7ffe967724c0:
            offset:                         VkOffset2D = 0:
                x:                              int32_t = 0
                y:                              int32_t = 0
            extent:                         VkExtent2D = 0:
                width:                          uint32_t = 1024
                height:                         uint32_t = 1024

Thread 0, Frame 9:
vkCmdBeginRenderPass(commandBuffer, pRenderPassBegin, contents) returns void:
    commandBuffer:                  VkCommandBuffer = 0x559dc4778800
    pRenderPassBegin:               const VkRenderPassBeginInfo* = 0x7ffe96772330:
        sType:                          VkStructureType = VK_STRUCTURE_TYPE_RENDER_PASS_BEGIN_INFO (43)
        pNext:                          const void* = NULL
        renderPass:                     VkRenderPass = 0x559dc479bc40
        framebuffer:                    VkFramebuffer = 0x559dc479bf20
        renderArea:                     VkRect2D = 0:
            offset:                         VkOffset2D = 0:
                x:                              int32_t = 0
                y:                              int32_t = 0
            extent:                         VkExtent2D = 0:
                width:                          uint32_t = 1024
                height:                         uint32_t = 1024
        clearValueCount:                uint32_t = 1
        pClearValues:                   const VkClearValue* = 0x7ffe967728dc
            pClearValues[0]:                const VkClearValue = 0x7ffe967728dc (Union):
                color:                          VkClearColorValue = 0 (Union):
                    float32:                        float[4] = 0x7ffe967728dc
                        float32[0]:                     float = 0
                        float32[1]:                     float = 0
                        float32[2]:                     float = 0
                        float32[3]:                     float = 0
                    int32:                          int32_t[4] = 0x7ffe967728dc
                        int32[0]:                       int32_t = 0
                        int32[1]:                       int32_t = 0
                        int32[2]:                       int32_t = 0
                        int32[3]:                       int32_t = 0
                    uint32:                         uint32_t[4] = 0x7ffe967728dc
                        uint32[0]:                      uint32_t = 0
                        uint32[1]:                      uint32_t = 0
                        uint32[2]:                      uint32_t = 0
                        uint32[3]:                      uint32_t = 0
                depthStencil:                   VkClearDepthStencilValue = 0:
                    depth:                          float = 0
                    stencil:                        uint32_t = 0
    contents:                       VkSubpassContents = VK_SUBPASS_CONTENTS_INLINE (0)

Thread 0, Frame 9:
vkCmdBindPipeline(commandBuffer, pipelineBindPoint, pipeline) returns void:
    commandBuffer:                  VkCommandBuffer = 0x559dc4778800
    pipelineBindPoint:              VkPipelineBindPoint = VK_PIPELINE_BIND_POINT_GRAPHICS (0)
    pipeline:                       VkPipeline = 0x559dc4714500

Thread 0, Frame 9:
vkCmdPushConstants(commandBuffer, layout, stageFlags, offset, size, pValues) returns void:
    commandBuffer:                  VkCommandBuffer = 0x559dc4778800
    layout:                         VkPipelineLayout = 0x559dc47164a0
    stageFlags:                     VkShaderStageFlags = 2147483647 (VK_SHADER_STAGE_VERTEX_BIT | VK_SHADER_STAGE_TESSELLATION_CONTROL_BIT | VK_SHADER_STAGE_TESSELLATION_EVALUATION_BIT | VK_SHADER_STAGE_GEOMETRY_BIT | VK_SHADER_STAGE_FRAGMENT_BIT | VK_SHADER_STAGE_COMPUTE_BIT | VK_SHADER_STAGE_ALL | VK_SHADER_STAGE_RAYGEN_BIT_KHR | VK_SHADER_STAGE_ANY_HIT_BIT_KHR | VK_SHADER_STAGE_CLOSEST_HIT_BIT_KHR | VK_SHADER_STAGE_MISS_BIT_KHR | VK_SHADER_STAGE_INTERSECTION_BIT_KHR | VK_SHADER_STAGE_CALLABLE_BIT_KHR | VK_SHADER_STAGE_TASK_BIT_EXT | VK_SHADER_STAGE_MESH_BIT_EXT | VK_SHADER_STAGE_SUBPASS_SHADING_BIT_HUAWEI | VK_SHADER_STAGE_CLUSTER_CULLING_BIT_HUAWEI)
    offset:                         uint32_t = 0
    size:                           uint32_t = 80
    pValues:                        const void* = 0x559dae898054

Thread 0, Frame 9:
vkCmdPushConstants(commandBuffer, layout, stageFlags, offset, size, pValues) returns void:
    commandBuffer:                  VkCommandBuffer = 0x559dc4778800
    layout:                         VkPipelineLayout = 0x559dc47164a0
    stageFlags:                     VkShaderStageFlags = 2147483647 (VK_SHADER_STAGE_VERTEX_BIT | VK_SHADER_STAGE_TESSELLATION_CONTROL_BIT | VK_SHADER_STAGE_TESSELLATION_EVALUATION_BIT | VK_SHADER_STAGE_GEOMETRY_BIT | VK_SHADER_STAGE_FRAGMENT_BIT | VK_SHADER_STAGE_COMPUTE_BIT | VK_SHADER_STAGE_ALL | VK_SHADER_STAGE_RAYGEN_BIT_KHR | VK_SHADER_STAGE_ANY_HIT_BIT_KHR | VK_SHADER_STAGE_CLOSEST_HIT_BIT_KHR | VK_SHADER_STAGE_MISS_BIT_KHR | VK_SHADER_STAGE_INTERSECTION_BIT_KHR | VK_SHADER_STAGE_CALLABLE_BIT_KHR | VK_SHADER_STAGE_TASK_BIT_EXT | VK_SHADER_STAGE_MESH_BIT_EXT | VK_SHADER_STAGE_SUBPASS_SHADING_BIT_HUAWEI | VK_SHADER_STAGE_CLUSTER_CULLING_BIT_HUAWEI)
    offset:                         uint32_t = 0
    size:                           uint32_t = 80
    pValues:                        const void* = 0x559dc4701870

Thread 0, Frame 9:
vkCmdDraw(commandBuffer, vertexCount, instanceCount, firstVertex, firstInstance) returns void:
    commandBuffer:                  VkCommandBuffer = 0x559dc4778800
    vertexCount:                    uint32_t = 6
    instanceCount:                  uint32_t = 1
    firstVertex:                    uint32_t = 0
    firstInstance:                  uint32_t = 0

Thread 0, Frame 9:
vkCmdEndRenderPass(commandBuffer) returns void:
    commandBuffer:                  VkCommandBuffer = 0x559dc4778800

Thread 0, Frame 9:
vkEndCommandBuffer(commandBuffer) returns VkResult VK_SUCCESS (0):
    commandBuffer:                  VkCommandBuffer = 0x559dc4778800

Thread 0, Frame 9:
vkBeginCommandBuffer(commandBuffer, pBeginInfo) returns VkResult VK_SUCCESS (0):
    commandBuffer:                  VkCommandBuffer = 0x559dc4786870
    pBeginInfo:                     const VkCommandBufferBeginInfo* = 0x7ffe96772b20:
        sType:                          VkStructureType = VK_STRUCTURE_TYPE_COMMAND_BUFFER_BEGIN_INFO (42)
        pNext:                          const void* = NULL
        flags:                          VkCommandBufferUsageFlags = 1 (VK_COMMAND_BUFFER_USAGE_ONE_TIME_SUBMIT_BIT)
        pInheritanceInfo:               const VkCommandBufferInheritanceInfo* = UNUSED

Thread 0, Frame 9:
vkEndCommandBuffer(commandBuffer) returns VkResult VK_SUCCESS (0):
    commandBuffer:                  VkCommandBuffer = 0x559dc4786870

Thread 0, Frame 9:
vkBeginCommandBuffer(commandBuffer, pBeginInfo) returns VkResult VK_SUCCESS (0):
    commandBuffer:                  VkCommandBuffer = 0x559dc4781da0
    pBeginInfo:                     const VkCommandBufferBeginInfo* = 0x7ffe96774dc0:
        sType:                          VkStructureType = VK_STRUCTURE_TYPE_COMMAND_BUFFER_BEGIN_INFO (42)
        pNext:                          const void* = NULL
        flags:                          VkCommandBufferUsageFlags = 1 (VK_COMMAND_BUFFER_USAGE_ONE_TIME_SUBMIT_BIT)
        pInheritanceInfo:               const VkCommandBufferInheritanceInfo* = UNUSED

Thread 0, Frame 9:
vkCmdPipelineBarrier(commandBuffer, srcStageMask, dstStageMask, dependencyFlags, memoryBarrierCount, pMemoryBarriers, bufferMemoryBarrierCount, pBufferMemoryBarriers, imageMemoryBarrierCount, pImageMemoryBarriers) returns void:
    commandBuffer:                  VkCommandBuffer = 0x559dc4781da0
    srcStageMask:                   VkPipelineStageFlags = 1 (VK_PIPELINE_STAGE_TOP_OF_PIPE_BIT)
    dstStageMask:                   VkPipelineStageFlags = 1024 (VK_PIPELINE_STAGE_COLOR_ATTACHMENT_OUTPUT_BIT)
    dependencyFlags:                VkDependencyFlags = 0
    memoryBarrierCount:             uint32_t = 0
    pMemoryBarriers:                const VkMemoryBarrier* = NULL
    bufferMemoryBarrierCount:       uint32_t = 0
    pBufferMemoryBarriers:          const VkBufferMemoryBarrier* = NULL
    imageMemoryBarrierCount:        uint32_t = 1
    pImageMemoryBarriers:           const VkImageMemoryBarrier* = 0x559dc4728390
        pImageMemoryBarriers[0]:        const VkImageMemoryBarrier = 0x559dc4728390:
            sType:                          VkStructureType = VK_STRUCTURE_TYPE_IMAGE_MEMORY_BARRIER (45)
            pNext:                          const void* = NULL
            srcAccessMask:                  VkAccessFlags = 0 (VK_ACCESS_NONE)
            dstAccessMask:                  VkAccessFlags = 384 (VK_ACCESS_COLOR_ATTACHMENT_READ_BIT | VK_ACCESS_COLOR_ATTACHMENT_WRITE_BIT)
            oldLayout:                      VkImageLayout = VK_IMAGE_LAYOUT_UNDEFINED (0)
            newLayout:                      VkImageLayout = VK_IMAGE_LAYOUT_COLOR_ATTACHMENT_OPTIMAL (2)
            srcQueueFamilyIndex:            uint32_t = 0
            dstQueueFamilyIndex:            uint32_t = 0
            image:                          VkImage = 0x559dc47a01c0
            subresourceRange:               VkImageSubresourceRange = 0:
                aspectMask:                     VkImageAspectFlags = 1 (VK_IMAGE_ASPECT_COLOR_BIT)
                baseMipLevel:                   uint32_t = 0
                levelCount:                     uint32_t = 1
                baseArrayLayer:                 uint32_t = 0
                layerCount:                     uint32_t = 1

Thread 0, Frame 9:
vkEndCommandBuffer(commandBuffer) returns VkResult VK_SUCCESS (0):
    commandBuffer:                  VkCommandBuffer = 0x559dc4781da0

Thread 0, Frame 9:
vkBeginCommandBuffer(commandBuffer, pBeginInfo) returns VkResult VK_SUCCESS (0):
    commandBuffer:                  VkCommandBuffer = 0x559dc477d2d0
    pBeginInfo:                     const VkCommandBufferBeginInfo* = 0x7ffe96774dc0:
        sType:                          VkStructureType = VK_STRUCTURE_TYPE_COMMAND_BUFFER_BEGIN_INFO (42)
        pNext:                          const void* = NULL
        flags:                          VkCommandBufferUsageFlags = 1 (VK_COMMAND_BUFFER_USAGE_ONE_TIME_SUBMIT_BIT)
        pInheritanceInfo:               const VkCommandBufferInheritanceInfo* = UNUSED

Thread 0, Frame 9:
vkCmdPipelineBarrier(commandBuffer, srcStageMask, dstStageMask, dependencyFlags, memoryBarrierCount, pMemoryBarriers, bufferMemoryBarrierCount, pBufferMemoryBarriers, imageMemoryBarrierCount, pImageMemoryBarriers) returns void:
    commandBuffer:                  VkCommandBuffer = 0x559dc477d2d0
    srcStageMask:                   VkPipelineStageFlags = 1024 (VK_PIPELINE_STAGE_COLOR_ATTACHMENT_OUTPUT_BIT)
    dstStageMask:                   VkPipelineStageFlags = 1 (VK_PIPELINE_STAGE_TOP_OF_PIPE_BIT)
    dependencyFlags:                VkDependencyFlags = 0
    memoryBarrierCount:             uint32_t = 0
    pMemoryBarriers:                const VkMemoryBarrier* = NULL
    bufferMemoryBarrierCount:       uint32_t = 0
    pBufferMemoryBarriers:          const VkBufferMemoryBarrier* = NULL
    imageMemoryBarrierCount:        uint32_t = 1
    pImageMemoryBarriers:           const VkImageMemoryBarrier* = 0x559dc4728390
        pImageMemoryBarriers[0]:        const VkImageMemoryBarrier = 0x559dc4728390:
            sType:                          VkStructureType = VK_STRUCTURE_TYPE_IMAGE_MEMORY_BARRIER (45)
            pNext:                          const void* = NULL
            srcAccessMask:                  VkAccessFlags = 384 (VK_ACCESS_COLOR_ATTACHMENT_READ_BIT | VK_ACCESS_COLOR_ATTACHMENT_WRITE_BIT)
            dstAccessMask:                  VkAccessFlags = 0 (VK_ACCESS_NONE)
            oldLayout:                      VkImageLayout = VK_IMAGE_LAYOUT_COLOR_ATTACHMENT_OPTIMAL (2)
            newLayout:                      VkImageLayout = VK_IMAGE_LAYOUT_PRESENT_SRC_KHR (1000001002)
            srcQueueFamilyIndex:            uint32_t = 0
            dstQueueFamilyIndex:            uint32_t = 0
            image:                          VkImage = 0x559dc47a01c0
            subresourceRange:               VkImageSubresourceRange = 0:
                aspectMask:                     VkImageAspectFlags = 1 (VK_IMAGE_ASPECT_COLOR_BIT)
                baseMipLevel:                   uint32_t = 0
                levelCount:                     uint32_t = 1
                baseArrayLayer:                 uint32_t = 0
                layerCount:                     uint32_t = 1

Thread 0, Frame 9:
vkEndCommandBuffer(commandBuffer) returns VkResult VK_SUCCESS (0):
    commandBuffer:                  VkCommandBuffer = 0x559dc477d2d0

Thread 0, Frame 9:
vkQueueSubmit(queue, submitCount, pSubmits, fence) returns VkResult VK_SUCCESS (0):
    queue:                          VkQueue = 0x559dc4401c50
    submitCount:                    uint32_t = 1
    pSubmits:                       const VkSubmitInfo* = 0x7ffe96774c20
        pSubmits[0]:                    const VkSubmitInfo = 0x7ffe96774c20:
            sType:                          VkStructureType = VK_STRUCTURE_TYPE_SUBMIT_INFO (4)
            pNext:                          const void* = VkTimelineSemaphoreSubmitInfo
            waitSemaphoreCount:             uint32_t = 2
            pWaitSemaphores:                const VkSemaphore* = 0x559dc47b1110
                pWaitSemaphores[0]:             const VkSemaphore = 0x559dc472c360
                pWaitSemaphores[1]:             const VkSemaphore = 0x559dc4419310
            pWaitDstStageMask:              const VkPipelineStageFlags* = 0x559dc47a31f0
                pWaitDstStageMask[0]:           const VkPipelineStageFlags = 1 (VK_PIPELINE_STAGE_TOP_OF_PIPE_BIT)
                pWaitDstStageMask[1]:           const VkPipelineStageFlags = 1 (VK_PIPELINE_STAGE_TOP_OF_PIPE_BIT)
            commandBufferCount:             uint32_t = 4
            pCommandBuffers:                const VkCommandBuffer* = 0x559dc473d340
                pCommandBuffers[0]:             const VkCommandBuffer = 0x559dc4781da0
                pCommandBuffers[1]:             const VkCommandBuffer = 0x559dc4786870
                pCommandBuffers[2]:             const VkCommandBuffer = 0x559dc4778800
                pCommandBuffers[3]:             const VkCommandBuffer = 0x559dc477d2d0
            signalSemaphoreCount:           uint32_t = 3
            pSignalSemaphores:              const VkSemaphore* = 0x559dc47a4f50
                pSignalSemaphores[0]:           const VkSemaphore = 0x559dc47a95f0
                pSignalSemaphores[1]:           const VkSemaphore = 0x559dc47a0fc0
                pSignalSemaphores[2]:           const VkSemaphore = 0x559dc4419e90
        pNext:                          VkTimelineSemaphoreSubmitInfo = 0x7ffe96774d10:
            sType:                          VkStructureType = VK_STRUCTURE_TYPE_TIMELINE_SEMAPHORE_SUBMIT_INFO (1000207003)
            pNext:                          const void* = NULL
            waitSemaphoreValueCount:        uint32_t = 0
            pWaitSemaphoreValues:           const uint64_t* = NULL
            signalSemaphoreValueCount:      uint32_t = 3
            pSignalSemaphoreValues:         const uint64_t* = 0x559dc47a3560
                pSignalSemaphoreValues[0]:      const uint64_t = 18446744073709551615
                pSignalSemaphoreValues[1]:      const uint64_t = 18446744073709551615
                pSignalSemaphoreValues[2]:      const uint64_t = 10
    fence:                          VkFence = 0

Thread 0, Frame 9:
vkGetSemaphoreCounterValue(device, semaphore, pValue) returns VkResult VK_SUCCESS (0):
    device:                         VkDevice = 0x559dc42d88d0
    semaphore:                      VkSemaphore = 0x559dc4419e90
    pValue:                         uint64_t* = 9

Thread 0, Frame 9:
vkDestroyFramebuffer(device, framebuffer, pAllocator) returns void:
    device:                         VkDevice = 0x559dc42d88d0
    framebuffer:                    VkFramebuffer = 0x559dc47a14f0
    pAllocator:                     const VkAllocationCallbacks* = NULL

Thread 0, Frame 9:
vkResetCommandPool(device, commandPool, flags) returns VkResult VK_SUCCESS (0):
    device:                         VkDevice = 0x559dc42d88d0
    commandPool:                    VkCommandPool = 0x559dc4689b10
    flags:                          VkCommandPoolResetFlags = 0

Thread 0, Frame 9:
vkDestroyImageView(device, imageView, pAllocator) returns void:
    device:                         VkDevice = 0x559dc42d88d0
    imageView:                      VkImageView = 0x559dc473d190
    pAllocator:                     const VkAllocationCallbacks* = NULL

Thread 0, Frame 9:
vkDestroyImageView(device, imageView, pAllocator) returns void:
    device:                         VkDevice = 0x559dc42d88d0
    imageView:                      VkImageView = 0x559dc47a1ac0
    pAllocator:                     const VkAllocationCallbacks* = NULL

Thread 0, Frame 9:
vkQueuePresentKHR(queue, pPresentInfo) returns VkResult VK_SUCCESS (0):
    queue:                          VkQueue = 0x559dc4401c50
    pPresentInfo:                   const VkPresentInfoKHR* = 0x7ffe96776088:
        sType:                          VkStructureType = VK_STRUCTURE_TYPE_PRESENT_INFO_KHR (1000001001)
        pNext:                          const void* = NULL
        waitSemaphoreCount:             uint32_t = 1
        pWaitSemaphores:                const VkSemaphore* = 0x559dc47aad90
            pWaitSemaphores[0]:             const VkSemaphore = 0x559dc47a95f0
        swapchainCount:                 uint32_t = 1
        pSwapchains:                    const VkSwapchainKHR* = 0x7ffe96775fb8
            pSwapchains[0]:                 const VkSwapchainKHR = 0x559dc479fc00
        pImageIndices:                  const uint32_t* = 0x7ffe96775fa4
            pImageIndices[0]:               const uint32_t = 1
        pResults:                       VkResult* = NULL

